

Microchip MPLAB XC8 Assembler V2.41 build 20230208172133 
                                                                                               Wed Oct 11 11:20:24 2023

Microchip MPLAB XC8 C Compiler v2.41 (Free license) build 20230208172133 Og1 
     1                           	processor	18F4520
     2                           	fnconf	rparam,??,?,0
     3                           	pagewidth 120
     4                           	opt	flic
     5                           	psect	cinit,global,reloc=2,class=CODE,delta=1
     6                           	psect	cstackCOMRAM,global,class=COMRAM,space=1,delta=1,lowdata,noexec
     7                           	psect	text0,global,reloc=2,class=CODE,delta=1
     8                           	psect	text1,global,reloc=2,class=CODE,delta=1
     9                           	psect	text2,global,reloc=2,class=CODE,delta=1
    10                           	psect	intsave_regs,global,class=BIGRAM,space=1,delta=1,noexec
    11                           	psect	rparam,global,class=COMRAM,space=1,delta=1,noexec
    12                           	psect	config,global,abs,ovrld,class=CONFIG,space=4,delta=1,noexec
    13   000000                     
    14                           ; Generated 23/03/2023 GMT
    15                           ; 
    16                           ; Copyright © 2023, Microchip Technology Inc. and its subsidiaries ("Microchip")
    17                           ; All rights reserved.
    18                           ; 
    19                           ; This software is developed by Microchip Technology Inc. and its subsidiaries ("Microch
      +                          ip").
    20                           ; 
    21                           ; Redistribution and use in source and binary forms, with or without modification, are
    22                           ; permitted provided that the following conditions are met:
    23                           ; 
    24                           ;     1. Redistributions of source code must retain the above copyright notice, this lis
      +                          t of
    25                           ;        conditions and the following disclaimer.
    26                           ; 
    27                           ;     2. Redistributions in binary form must reproduce the above copyright notice, this 
      +                          list
    28                           ;        of conditions and the following disclaimer in the documentation and/or other
    29                           ;        materials provided with the distribution. Publication is not required when
    30                           ;        this file is used in an embedded application.
    31                           ; 
    32                           ;     3. Microchip's name may not be used to endorse or promote products derived from th
      +                          is
    33                           ;        software without specific prior written permission.
    34                           ; 
    35                           ; THIS SOFTWARE IS PROVIDED BY MICROCHIP "AS IS" AND ANY EXPRESS OR IMPLIED WARRANTIES,
    36                           ; INCLUDING, BUT NOT LIMITED TO, THE IMPLIED WARRANTIES OF MERCHANTABILITY AND FITNESS F
      +                          OR
    37                           ; PURPOSE ARE DISCLAIMED.  IN NO EVENT SHALL MICROCHIP BE LIABLE FOR ANY DIRECT, INDIREC
      +                          T,
    38                           ; INCIDENTAL, SPECIAL, EXEMPLARY, OR CONSEQUENTIAL DAMAGES (INCLUDING BUT NOT LIMITED TO
    39                           ; PROCUREMENT OF SUBSTITUTE GOODS OR SERVICES; LOSS OF USE, DATA OR PROFITS; OR BUSINESS
    40                           ; INTERRUPTION) HOWSOEVER CAUSED AND ON ANY THEORY OF LIABILITY, WHETHER IN CONTRACT, ST
      +                          RICT
    41                           ; LIABILITY, OR TORT (INCLUDING NEGLIGENCE OR OTHERWISE) ARISING IN ANY WAY OUT OF THE U
      +                          SE OF
    42                           ; THIS SOFTWARE, EVEN IF ADVISED OF THE POSSIBILITY OF SUCH DAMAGE.
    43                           ; 
    44                           ; 
    45                           ; Code-generator required, PIC18F4520 Definitions
    46                           ; 
    47                           ; SFR Addresses
    48   000000                     _PORTDbits	set	3971
    49   000000                     _TRISA	set	3986
    50   000000                     _PORTE	set	3972
    51   000000                     _PORTD	set	3971
    52   000000                     _PORTC	set	3970
    53   000000                     _PORTB	set	3969
    54   000000                     _PORTA	set	3968
    55   000000                     _TRISE	set	3990
    56   000000                     _TRISD	set	3989
    57   000000                     _TRISC	set	3988
    58   000000                     _TRISB	set	3987
    59                           
    60                           ; #config settings
    61                           
    62                           	psect	cinit
    63   007F8A                     __pcinit:
    64                           	callstack 0
    65   007F8A                     start_initialization:
    66                           	callstack 0
    67   007F8A                     __initialization:
    68                           	callstack 0
    69   007F8A                     end_of_initialization:
    70                           	callstack 0
    71   007F8A                     __end_of__initialization:
    72                           	callstack 0
    73   007F8A  0100               	movlb	0
    74   007F8C  EFC8  F03F         	goto	_main	;jump to C main() function
    75                           
    76                           	psect	cstackCOMRAM
    77   000001                     __pcstackCOMRAM:
    78                           	callstack 0
    79   000001                     ??_blink_led:
    80   000001                     
    81                           ; 1 bytes @ 0x0
    82   000001                     	ds	2
    83   000003                     
    84                           ; 1 bytes @ 0x2
    85 ;;
    86 ;;Main: autosize = 0, tempsize = 0, incstack = 0, save=0
    87 ;;
    88 ;; *************** function _main *****************
    89 ;; Defined at:
    90 ;;		line 65 in file "main.c"
    91 ;; Parameters:    Size  Location     Type
    92 ;;		None
    93 ;; Auto vars:     Size  Location     Type
    94 ;;		None
    95 ;; Return value:  Size  Location     Type
    96 ;;                  1    wreg      void 
    97 ;; Registers used:
    98 ;;		wreg, status,2, cstack
    99 ;; Tracked objects:
   100 ;;		On entry : 0/0
   101 ;;		On exit  : 0/0
   102 ;;		Unchanged: 0/0
   103 ;; Data sizes:     COMRAM   BANK0   BANK1   BANK2   BANK3   BANK4   BANK5
   104 ;;      Params:         0       0       0       0       0       0       0
   105 ;;      Locals:         0       0       0       0       0       0       0
   106 ;;      Temps:          0       0       0       0       0       0       0
   107 ;;      Totals:         0       0       0       0       0       0       0
   108 ;;Total ram usage:        0 bytes
   109 ;; Hardware stack levels required when called: 1
   110 ;; This function calls:
   111 ;;		_blink_led
   112 ;;		_init
   113 ;; This function is called by:
   114 ;;		Startup code after reset
   115 ;; This function uses a non-reentrant model
   116 ;;
   117                           
   118                           	psect	text0
   119   007F90                     __ptext0:
   120                           	callstack 0
   121   007F90                     _main:
   122                           	callstack 30
   123   007F90                     
   124                           ;main.c: 68:     init();
   125   007F90  ECD0  F03F         	call	_init	;wreg free
   126   007F94                     l749:
   127                           
   128                           ;main.c: 72:     {;main.c: 74:         blink_led();
   129   007F94  ECE5  F03F         	call	_blink_led	;wreg free
   130   007F98  EFCA  F03F         	goto	l749
   131   007F9C  EF00  F000         	goto	start
   132   007FA0                     __end_of_main:
   133                           	callstack 0
   134                           
   135 ;; *************** function _init *****************
   136 ;; Defined at:
   137 ;;		line 16 in file "main.c"
   138 ;; Parameters:    Size  Location     Type
   139 ;;		None
   140 ;; Auto vars:     Size  Location     Type
   141 ;;		None
   142 ;; Return value:  Size  Location     Type
   143 ;;                  1    wreg      void 
   144 ;; Registers used:
   145 ;;		wreg, status,2
   146 ;; Tracked objects:
   147 ;;		On entry : 0/0
   148 ;;		On exit  : 0/0
   149 ;;		Unchanged: 0/0
   150 ;; Data sizes:     COMRAM   BANK0   BANK1   BANK2   BANK3   BANK4   BANK5
   151 ;;      Params:         0       0       0       0       0       0       0
   152 ;;      Locals:         0       0       0       0       0       0       0
   153 ;;      Temps:          0       0       0       0       0       0       0
   154 ;;      Totals:         0       0       0       0       0       0       0
   155 ;;Total ram usage:        0 bytes
   156 ;; Hardware stack levels used: 1
   157 ;; This function calls:
   158 ;;		Nothing
   159 ;; This function is called by:
   160 ;;		_main
   161 ;; This function uses a non-reentrant model
   162 ;;
   163                           
   164                           	psect	text1
   165   007FA0                     __ptext1:
   166                           	callstack 0
   167   007FA0                     _init:
   168                           	callstack 30
   169   007FA0                     
   170                           ;main.c: 19:     PORTA = 0b00000000;
   171   007FA0  0E00               	movlw	0
   172   007FA2  6E80               	movwf	128,c	;volatile
   173                           
   174                           ;main.c: 20:     PORTB = 0b00000000;
   175   007FA4  0E00               	movlw	0
   176   007FA6  6E81               	movwf	129,c	;volatile
   177                           
   178                           ;main.c: 21:     PORTC = 0b00000000;
   179   007FA8  0E00               	movlw	0
   180   007FAA  6E82               	movwf	130,c	;volatile
   181                           
   182                           ;main.c: 22:     PORTD = 0b00000000;
   183   007FAC  0E00               	movlw	0
   184   007FAE  6E83               	movwf	131,c	;volatile
   185                           
   186                           ;main.c: 23:     PORTE = 0b00000000;
   187   007FB0  0E00               	movlw	0
   188   007FB2  6E84               	movwf	132,c	;volatile
   189                           
   190                           ;main.c: 25:     TRISA = 0b00000000;
   191   007FB4  0E00               	movlw	0
   192   007FB6  6E92               	movwf	146,c	;volatile
   193                           
   194                           ;main.c: 26:     TRISB = 0b00000000;
   195   007FB8  0E00               	movlw	0
   196   007FBA  6E93               	movwf	147,c	;volatile
   197                           
   198                           ;main.c: 27:     TRISC = 0b00000000;
   199   007FBC  0E00               	movlw	0
   200   007FBE  6E94               	movwf	148,c	;volatile
   201                           
   202                           ;main.c: 28:     TRISD = 0b00000001;
   203   007FC0  0E01               	movlw	1
   204   007FC2  6E95               	movwf	149,c	;volatile
   205                           
   206                           ;main.c: 29:     TRISE = 0b00000000;
   207   007FC4  0E00               	movlw	0
   208   007FC6  6E96               	movwf	150,c	;volatile
   209   007FC8  0012               	return		;funcret
   210   007FCA                     __end_of_init:
   211                           	callstack 0
   212                           
   213 ;; *************** function _blink_led *****************
   214 ;; Defined at:
   215 ;;		line 32 in file "main.c"
   216 ;; Parameters:    Size  Location     Type
   217 ;;		None
   218 ;; Auto vars:     Size  Location     Type
   219 ;;		None
   220 ;; Return value:  Size  Location     Type
   221 ;;                  1    wreg      void 
   222 ;; Registers used:
   223 ;;		wreg
   224 ;; Tracked objects:
   225 ;;		On entry : 0/0
   226 ;;		On exit  : 0/0
   227 ;;		Unchanged: 0/0
   228 ;; Data sizes:     COMRAM   BANK0   BANK1   BANK2   BANK3   BANK4   BANK5
   229 ;;      Params:         0       0       0       0       0       0       0
   230 ;;      Locals:         0       0       0       0       0       0       0
   231 ;;      Temps:          2       0       0       0       0       0       0
   232 ;;      Totals:         2       0       0       0       0       0       0
   233 ;;Total ram usage:        2 bytes
   234 ;; Hardware stack levels used: 1
   235 ;; This function calls:
   236 ;;		Nothing
   237 ;; This function is called by:
   238 ;;		_main
   239 ;; This function uses a non-reentrant model
   240 ;;
   241                           
   242                           	psect	text2
   243   007FCA                     __ptext2:
   244                           	callstack 0
   245   007FCA                     _blink_led:
   246                           	callstack 30
   247   007FCA                     
   248                           ;main.c: 34:     PORTDbits.RD1 = 1;
   249   007FCA  8283               	bsf	131,1,c	;volatile
   250   007FCC                     
   251                           ;main.c: 35:     _delay((unsigned long)((500)*(20000000/4000.0)));
   252   007FCC  0E0D               	movlw	13
   253   007FCE  6E02               	movwf	(??_blink_led+1)^0,c
   254   007FD0  0EAF               	movlw	175
   255   007FD2  6E01               	movwf	??_blink_led^0,c
   256   007FD4  0EB6               	movlw	182
   257   007FD6                     u37:
   258   007FD6  2EE8               	decfsz	wreg,f,c
   259   007FD8  D7FE               	bra	u37
   260   007FDA  2E01               	decfsz	??_blink_led^0,f,c
   261   007FDC  D7FC               	bra	u37
   262   007FDE  2E02               	decfsz	(??_blink_led+1)^0,f,c
   263   007FE0  D7FA               	bra	u37
   264   007FE2  D000               	nop2	
   265   007FE4                     
   266                           ;main.c: 36:     PORTDbits.RD1 = 0;
   267   007FE4  9283               	bcf	131,1,c	;volatile
   268                           
   269                           ;main.c: 37:     _delay((unsigned long)((500)*(20000000/4000.0)));
   270   007FE6  0E0D               	movlw	13
   271   007FE8  6E02               	movwf	(??_blink_led+1)^0,c
   272   007FEA  0EAF               	movlw	175
   273   007FEC  6E01               	movwf	??_blink_led^0,c
   274   007FEE  0EB6               	movlw	182
   275   007FF0                     u47:
   276   007FF0  2EE8               	decfsz	wreg,f,c
   277   007FF2  D7FE               	bra	u47
   278   007FF4  2E01               	decfsz	??_blink_led^0,f,c
   279   007FF6  D7FC               	bra	u47
   280   007FF8  2E02               	decfsz	(??_blink_led+1)^0,f,c
   281   007FFA  D7FA               	bra	u47
   282   007FFC  D000               	nop2	
   283   007FFE  0012               	return		;funcret
   284   008000                     __end_of_blink_led:
   285                           	callstack 0
   286   000000                     
   287                           	psect	rparam
   288   000000                     
   289                           	psect	config
   290                           
   291                           ; Padding undefined space
   292   300000                     	org	3145728
   293   300000  FF                 	db	255
   294                           
   295                           ;Config register CONFIG1H @ 0x300001
   296                           ;	Oscillator Selection bits
   297                           ;	OSC = HS, HS oscillator
   298                           ;	Fail-Safe Clock Monitor Enable bit
   299                           ;	FCMEN = OFF, Fail-Safe Clock Monitor disabled
   300                           ;	Internal/External Oscillator Switchover bit
   301                           ;	IESO = OFF, Oscillator Switchover mode disabled
   302   300001                     	org	3145729
   303   300001  02                 	db	2
   304                           
   305                           ;Config register CONFIG2L @ 0x300002
   306                           ;	Power-up Timer Enable bit
   307                           ;	PWRT = OFF, PWRT disabled
   308                           ;	Brown-out Reset Enable bits
   309                           ;	BOREN = SBORDIS, Brown-out Reset enabled in hardware only (SBOREN is disabled)
   310                           ;	Brown Out Reset Voltage bits
   311                           ;	BORV = 3, Minimum setting
   312   300002                     	org	3145730
   313   300002  1F                 	db	31
   314                           
   315                           ;Config register CONFIG2H @ 0x300003
   316                           ;	Watchdog Timer Enable bit
   317                           ;	WDT = ON, WDT enabled
   318                           ;	Watchdog Timer Postscale Select bits
   319                           ;	WDTPS = 32768, 1:32768
   320   300003                     	org	3145731
   321   300003  1F                 	db	31
   322                           
   323                           ; Padding undefined space
   324   300004                     	org	3145732
   325   300004  FF                 	db	255
   326                           
   327                           ;Config register CONFIG3H @ 0x300005
   328                           ;	CCP2 MUX bit
   329                           ;	CCP2MX = PORTC, CCP2 input/output is multiplexed with RC1
   330                           ;	PORTB A/D Enable bit
   331                           ;	PBADEN = ON, PORTB<4:0> pins are configured as analog input channels on Reset
   332                           ;	Low-Power Timer1 Oscillator Enable bit
   333                           ;	LPT1OSC = OFF, Timer1 configured for higher power operation
   334                           ;	MCLR Pin Enable bit
   335                           ;	MCLRE = ON, MCLR pin enabled; RE3 input pin disabled
   336   300005                     	org	3145733
   337   300005  83                 	db	131
   338                           
   339                           ;Config register CONFIG4L @ 0x300006
   340                           ;	Stack Full/Underflow Reset Enable bit
   341                           ;	STVREN = ON, Stack full/underflow will cause Reset
   342                           ;	Single-Supply ICSP Enable bit
   343                           ;	LVP = OFF, Single-Supply ICSP disabled
   344                           ;	Extended Instruction Set Enable bit
   345                           ;	XINST = OFF, Instruction set extension and Indexed Addressing mode disabled (Legacy mo
      +                          de)
   346                           ;	Background Debugger Enable bit
   347                           ;	DEBUG = 0x1, unprogrammed default
   348   300006                     	org	3145734
   349   300006  81                 	db	129
   350                           
   351                           ; Padding undefined space
   352   300007                     	org	3145735
   353   300007  FF                 	db	255
   354                           
   355                           ;Config register CONFIG5L @ 0x300008
   356                           ;	Code Protection bit
   357                           ;	CP0 = OFF, Block 0 (000800-001FFFh) not code-protected
   358                           ;	Code Protection bit
   359                           ;	CP1 = OFF, Block 1 (002000-003FFFh) not code-protected
   360                           ;	Code Protection bit
   361                           ;	CP2 = OFF, Block 2 (004000-005FFFh) not code-protected
   362                           ;	Code Protection bit
   363                           ;	CP3 = OFF, Block 3 (006000-007FFFh) not code-protected
   364   300008                     	org	3145736
   365   300008  0F                 	db	15
   366                           
   367                           ;Config register CONFIG5H @ 0x300009
   368                           ;	Boot Block Code Protection bit
   369                           ;	CPB = OFF, Boot block (000000-0007FFh) not code-protected
   370                           ;	Data EEPROM Code Protection bit
   371                           ;	CPD = OFF, Data EEPROM not code-protected
   372   300009                     	org	3145737
   373   300009  C0                 	db	192
   374                           
   375                           ;Config register CONFIG6L @ 0x30000A
   376                           ;	Write Protection bit
   377                           ;	WRT0 = OFF, Block 0 (000800-001FFFh) not write-protected
   378                           ;	Write Protection bit
   379                           ;	WRT1 = OFF, Block 1 (002000-003FFFh) not write-protected
   380                           ;	Write Protection bit
   381                           ;	WRT2 = OFF, Block 2 (004000-005FFFh) not write-protected
   382                           ;	Write Protection bit
   383                           ;	WRT3 = OFF, Block 3 (006000-007FFFh) not write-protected
   384   30000A                     	org	3145738
   385   30000A  0F                 	db	15
   386                           
   387                           ;Config register CONFIG6H @ 0x30000B
   388                           ;	Configuration Register Write Protection bit
   389                           ;	WRTC = OFF, Configuration registers (300000-3000FFh) not write-protected
   390                           ;	Boot Block Write Protection bit
   391                           ;	WRTB = OFF, Boot block (000000-0007FFh) not write-protected
   392                           ;	Data EEPROM Write Protection bit
   393                           ;	WRTD = OFF, Data EEPROM not write-protected
   394   30000B                     	org	3145739
   395   30000B  E0                 	db	224
   396                           
   397                           ;Config register CONFIG7L @ 0x30000C
   398                           ;	Table Read Protection bit
   399                           ;	EBTR0 = OFF, Block 0 (000800-001FFFh) not protected from table reads executed in other
      +                           blocks
   400                           ;	Table Read Protection bit
   401                           ;	EBTR1 = OFF, Block 1 (002000-003FFFh) not protected from table reads executed in other
      +                           blocks
   402                           ;	Table Read Protection bit
   403                           ;	EBTR2 = OFF, Block 2 (004000-005FFFh) not protected from table reads executed in other
      +                           blocks
   404                           ;	Table Read Protection bit
   405                           ;	EBTR3 = OFF, Block 3 (006000-007FFFh) not protected from table reads executed in other
      +                           blocks
   406   30000C                     	org	3145740
   407   30000C  0F                 	db	15
   408                           
   409                           ;Config register CONFIG7H @ 0x30000D
   410                           ;	Boot Block Table Read Protection bit
   411                           ;	EBTRB = OFF, Boot block (000000-0007FFh) not protected from table reads executed in ot
      +                          her blocks
   412   30000D                     	org	3145741
   413   30000D  40                 	db	64
   414                           tosu	equ	0xFFF
   415                           tosh	equ	0xFFE
   416                           tosl	equ	0xFFD
   417                           stkptr	equ	0xFFC
   418                           pclatu	equ	0xFFB
   419                           pclath	equ	0xFFA
   420                           pcl	equ	0xFF9
   421                           tblptru	equ	0xFF8
   422                           tblptrh	equ	0xFF7
   423                           tblptrl	equ	0xFF6
   424                           tablat	equ	0xFF5
   425                           prodh	equ	0xFF4
   426                           prodl	equ	0xFF3
   427                           indf0	equ	0xFEF
   428                           postinc0	equ	0xFEE
   429                           postdec0	equ	0xFED
   430                           preinc0	equ	0xFEC
   431                           plusw0	equ	0xFEB
   432                           fsr0h	equ	0xFEA
   433                           fsr0l	equ	0xFE9
   434                           wreg	equ	0xFE8
   435                           indf1	equ	0xFE7
   436                           postinc1	equ	0xFE6
   437                           postdec1	equ	0xFE5
   438                           preinc1	equ	0xFE4
   439                           plusw1	equ	0xFE3
   440                           fsr1h	equ	0xFE2
   441                           fsr1l	equ	0xFE1
   442                           bsr	equ	0xFE0
   443                           indf2	equ	0xFDF
   444                           postinc2	equ	0xFDE
   445                           postdec2	equ	0xFDD
   446                           preinc2	equ	0xFDC
   447                           plusw2	equ	0xFDB
   448                           fsr2h	equ	0xFDA
   449                           fsr2l	equ	0xFD9
   450                           status	equ	0xFD8

Data Sizes:
    Strings     0
    Constant    0
    Data        0
    BSS         0
    Persistent  0
    Stack       0

Auto Spaces:
    Space          Size  Autos    Used
    COMRAM          127      2       2
    BANK0           128      0       0
    BANK1           256      0       0
    BANK2           256      0       0
    BANK3           256      0       0
    BANK4           256      0       0
    BANK5           256      0       0

Pointer List with Targets:

    None.

Critical Paths under _main in COMRAM

    _main->_blink_led

Critical Paths under _main in BANK0

    None.

Critical Paths under _main in BANK1

    None.

Critical Paths under _main in BANK2

    None.

Critical Paths under _main in BANK3

    None.

Critical Paths under _main in BANK4

    None.

Critical Paths under _main in BANK5

    None.

Call Graph Tables:

 ---------------------------------------------------------------------------------
 (Depth) Function   	        Calls       Base Space   Used Autos Params    Refs
 ---------------------------------------------------------------------------------
 (0) _main                                                 0     0      0       0
                          _blink_led
                               _init
 ---------------------------------------------------------------------------------
 (1) _init                                                 0     0      0       0
 ---------------------------------------------------------------------------------
 (1) _blink_led                                            2     2      0       0
                                              0 COMRAM     2     2      0
 ---------------------------------------------------------------------------------
 Estimated maximum stack depth 1
 ---------------------------------------------------------------------------------

 Call Graph Graphs:

 _main (ROOT)
   _blink_led
   _init

 Address spaces:
Name               Size   Autos  Total    Cost      Usage
BITCOMRAM           7F      0       0       0        0.0%
EEDATA             100      0       0       0        0.0%
NULL                 0      0       0       0        0.0%
CODE                 0      0       0       0        0.0%
COMRAM              7F      2       2       1        1.6%
STACK                0      0       0       2        0.0%
DATA                 0      0       0       3        0.0%
BITBANK0            80      0       0       4        0.0%
BANK0               80      0       0       5        0.0%
BITBANK1           100      0       0       6        0.0%
BANK1              100      0       0       7        0.0%
BITBANK2           100      0       0       8        0.0%
BANK2              100      0       0       9        0.0%
BITBANK3           100      0       0      10        0.0%
BANK3              100      0       0      11        0.0%
BITBANK4           100      0       0      12        0.0%
BANK4              100      0       0      13        0.0%
BITBANK5           100      0       0      14        0.0%
BANK5              100      0       0      15        0.0%
BITBIGSFRh          69      0       0      16        0.0%
BITBIGSFRl           D      0       0      17        0.0%
ABS                  0      0       0      18        0.0%
BIGRAM             5FF      0       0      19        0.0%
BIGSFR               0      0       0     200        0.0%
BITSFR               0      0       0     200        0.0%
SFR                  0      0       0     200        0.0%


Microchip Technology PIC18 Macro Assembler V2.41 build 20230208172133 
Symbol Table                                                                                   Wed Oct 11 11:20:24 2023

                     l30 7FFE                       l27 7FC8                       u37 7FD6  
                     u47 7FF0                      l723 7FA0                      l725 7FCA  
                    l727 7FCC                      l729 7FE4                      l747 7F90  
                    l749 7F94                      wreg 0FE8                     _main 7F90  
                   _init 7FA0                     start 0000             ___param_bank 0000  
                  ?_main 0001                    ?_init 0001                    _PORTA 0F80  
                  _PORTB 0F81                    _PORTC 0F82                    _PORTD 0F83  
                  _PORTE 0F84                    _TRISA 0F92                    _TRISB 0F93  
                  _TRISC 0F94                    _TRISD 0F95                    _TRISE 0F96  
        __initialization 7F8A             __end_of_main 7FA0             __end_of_init 7FCA  
                 ??_main 0003                   ??_init 0001            __activetblptr 0000  
                 isa$std 0001               __accesstop 0080  __end_of__initialization 7F8A  
          ___rparam_used 0001           __pcstackCOMRAM 0001        __end_of_blink_led 8000  
                __Hparam 0000                  __Lparam 0000                  __pcinit 7F8A  
                __ramtop 0600                  __ptext0 7F90                  __ptext1 7FA0  
                __ptext2 7FCA     end_of_initialization 7F8A                _PORTDbits 0F83  
    start_initialization 7F8A                _blink_led 7FCA               ?_blink_led 0001  
               __Hrparam 0000                 __Lrparam 0000                 isa$xinst 0000  
            ??_blink_led 0001  
