

Microchip MPLAB XC8 Assembler V2.32 build 20210201212658 
                                                                                               Fri Jan 28 16:00:58 2022

Microchip MPLAB XC8 C Compiler v2.32 (Free license) build 20210201212658 Og1 
     1                           	processor	16F877A
     2                           	pagewidth 120
     3                           	opt	flic
     4                           	psect	cinit,global,class=CODE,merge=1,delta=2
     5                           	psect	cstackCOMMON,global,class=COMMON,space=1,delta=1,noexec
     6                           	psect	cstackBANK0,global,class=BANK0,space=1,delta=1,noexec
     7                           	psect	maintext,global,class=CODE,split=1,delta=2
     8                           	psect	text1,local,class=CODE,merge=1,delta=2
     9                           	psect	text2,local,class=CODE,merge=1,delta=2
    10                           	psect	text3,local,class=CODE,merge=1,delta=2,group=1
    11                           	psect	text4,local,class=CODE,merge=1,delta=2
    12                           	psect	text5,local,class=CODE,merge=1,delta=2
    13                           	psect	text6,local,class=CODE,merge=1,delta=2
    14                           	psect	text7,local,class=CODE,merge=1,delta=2
    15                           	psect	text8,local,class=CODE,merge=1,delta=2
    16                           	psect	config,global,abs,ovrld,class=CONFIG,space=4,delta=2,noexec
    17                           	dabs	1,0x7E,2
    18  0000                     
    19                           ; Version 2.20
    20                           ; Generated 12/02/2020 GMT
    21                           ; 
    22                           ; Copyright © 2020, Microchip Technology Inc. and its subsidiaries ("Microchip")
    23                           ; All rights reserved.
    24                           ; 
    25                           ; This software is developed by Microchip Technology Inc. and its subsidiaries ("Microch
      +                          ip").
    26                           ; 
    27                           ; Redistribution and use in source and binary forms, with or without modification, are
    28                           ; permitted provided that the following conditions are met:
    29                           ; 
    30                           ;     1. Redistributions of source code must retain the above copyright notice, this lis
      +                          t of
    31                           ;        conditions and the following disclaimer.
    32                           ; 
    33                           ;     2. Redistributions in binary form must reproduce the above copyright notice, this 
      +                          list
    34                           ;        of conditions and the following disclaimer in the documentation and/or other
    35                           ;        materials provided with the distribution.
    36                           ; 
    37                           ;     3. Microchip's name may not be used to endorse or promote products derived from th
      +                          is
    38                           ;        software without specific prior written permission.
    39                           ; 
    40                           ; THIS SOFTWARE IS PROVIDED BY MICROCHIP "AS IS" AND ANY EXPRESS OR IMPLIED WARRANTIES,
    41                           ; INCLUDING, BUT NOT LIMITED TO, THE IMPLIED WARRANTIES OF MERCHANTABILITY AND FITNESS F
      +                          OR
    42                           ; PURPOSE ARE DISCLAIMED.  IN NO EVENT SHALL MICROCHIP BE LIABLE FOR ANY DIRECT, INDIREC
      +                          T,
    43                           ; INCIDENTAL, SPECIAL, EXEMPLARY, OR CONSEQUENTIAL DAMAGES (INCLUDING BUT NOT LIMITED TO
    44                           ; PROCUREMENT OF SUBSTITUTE GOODS OR SERVICES; LOSS OF USE, DATA OR PROFITS; OR BUSINESS
    45                           ; INTERRUPTION) HOWSOEVER CAUSED AND ON ANY THEORY OF LIABILITY, WHETHER IN CONTRACT, ST
      +                          RICT
    46                           ; LIABILITY, OR TORT (INCLUDING NEGLIGENCE OR OTHERWISE) ARISING IN ANY WAY OUT OF THE U
      +                          SE OF
    47                           ; THIS SOFTWARE, EVEN IF ADVISED OF THE POSSIBILITY OF SUCH DAMAGE.
    48                           ; 
    49                           ; 
    50                           ; Code-generator required, PIC16F877A Definitions
    51                           ; 
    52                           ; SFR Addresses
    53  0000                     	;# 
    54  0001                     	;# 
    55  0002                     	;# 
    56  0003                     	;# 
    57  0004                     	;# 
    58  0005                     	;# 
    59  0006                     	;# 
    60  0007                     	;# 
    61  0008                     	;# 
    62  0009                     	;# 
    63  000A                     	;# 
    64  000B                     	;# 
    65  000C                     	;# 
    66  000D                     	;# 
    67  000E                     	;# 
    68  000E                     	;# 
    69  000F                     	;# 
    70  0010                     	;# 
    71  0011                     	;# 
    72  0012                     	;# 
    73  0013                     	;# 
    74  0014                     	;# 
    75  0015                     	;# 
    76  0015                     	;# 
    77  0016                     	;# 
    78  0017                     	;# 
    79  0018                     	;# 
    80  0019                     	;# 
    81  001A                     	;# 
    82  001B                     	;# 
    83  001B                     	;# 
    84  001C                     	;# 
    85  001D                     	;# 
    86  001E                     	;# 
    87  001F                     	;# 
    88  0081                     	;# 
    89  0085                     	;# 
    90  0086                     	;# 
    91  0087                     	;# 
    92  0088                     	;# 
    93  0089                     	;# 
    94  008C                     	;# 
    95  008D                     	;# 
    96  008E                     	;# 
    97  0091                     	;# 
    98  0092                     	;# 
    99  0093                     	;# 
   100  0094                     	;# 
   101  0098                     	;# 
   102  0099                     	;# 
   103  009C                     	;# 
   104  009D                     	;# 
   105  009E                     	;# 
   106  009F                     	;# 
   107  010C                     	;# 
   108  010D                     	;# 
   109  010E                     	;# 
   110  010F                     	;# 
   111  018C                     	;# 
   112  018D                     	;# 
   113  0000                     	;# 
   114  0001                     	;# 
   115  0002                     	;# 
   116  0003                     	;# 
   117  0004                     	;# 
   118  0005                     	;# 
   119  0006                     	;# 
   120  0007                     	;# 
   121  0008                     	;# 
   122  0009                     	;# 
   123  000A                     	;# 
   124  000B                     	;# 
   125  000C                     	;# 
   126  000D                     	;# 
   127  000E                     	;# 
   128  000E                     	;# 
   129  000F                     	;# 
   130  0010                     	;# 
   131  0011                     	;# 
   132  0012                     	;# 
   133  0013                     	;# 
   134  0014                     	;# 
   135  0015                     	;# 
   136  0015                     	;# 
   137  0016                     	;# 
   138  0017                     	;# 
   139  0018                     	;# 
   140  0019                     	;# 
   141  001A                     	;# 
   142  001B                     	;# 
   143  001B                     	;# 
   144  001C                     	;# 
   145  001D                     	;# 
   146  001E                     	;# 
   147  001F                     	;# 
   148  0081                     	;# 
   149  0085                     	;# 
   150  0086                     	;# 
   151  0087                     	;# 
   152  0088                     	;# 
   153  0089                     	;# 
   154  008C                     	;# 
   155  008D                     	;# 
   156  008E                     	;# 
   157  0091                     	;# 
   158  0092                     	;# 
   159  0093                     	;# 
   160  0094                     	;# 
   161  0098                     	;# 
   162  0099                     	;# 
   163  009C                     	;# 
   164  009D                     	;# 
   165  009E                     	;# 
   166  009F                     	;# 
   167  010C                     	;# 
   168  010D                     	;# 
   169  010E                     	;# 
   170  010F                     	;# 
   171  018C                     	;# 
   172  018D                     	;# 
   173  000B                     _INTCONbits	set	11
   174  0008                     _PORTD	set	8
   175  0009                     _PORTE	set	9
   176  0007                     _PORTC	set	7
   177  0006                     _PORTB	set	6
   178  0005                     _PORTA	set	5
   179  0013                     _SSPBUF	set	19
   180  0014                     _SSPCON	set	20
   181  0081                     _OPTION_REG	set	129
   182  0089                     _TRISE	set	137
   183  0087                     _TRISC	set	135
   184  0086                     _TRISB	set	134
   185  0085                     _TRISA	set	133
   186  0088                     _TRISD	set	136
   187  0091                     _SSPCON2bits	set	145
   188  0087                     _TRISCbits	set	135
   189  0094                     _SSPSTAT	set	148
   190  0091                     _SSPCON2	set	145
   191  0093                     _SSPADD	set	147
   192                           
   193                           	psect	cinit
   194  07FC                     start_initialization:	
   195                           ; #config settings
   196                           
   197  07FC                     __initialization:
   198  07FC                     end_of_initialization:	
   199                           ;End of C runtime variable initialization code
   200                           
   201  07FC                     __end_of__initialization:
   202  07FC  0183               	clrf	3
   203  07FD  120A  118A  2F3C   	ljmp	_main	;jump to C main() function
   204                           
   205                           	psect	cstackCOMMON
   206  0070                     __pcstackCOMMON:
   207  0070                     ?_I2C_Master_Wait:
   208  0070                     ??_I2C_Master_Wait:	
   209                           ; 1 bytes @ 0x0
   210                           
   211  0070                     ?_I2C_Master_Start:	
   212                           ; 1 bytes @ 0x0
   213                           
   214  0070                     ??_I2C_Master_Start:	
   215                           ; 1 bytes @ 0x0
   216                           
   217  0070                     ?_I2C_Master_Stop:	
   218                           ; 1 bytes @ 0x0
   219                           
   220  0070                     ??_I2C_Master_Stop:	
   221                           ; 1 bytes @ 0x0
   222                           
   223  0070                     ?_I2C_Master_Write:	
   224                           ; 1 bytes @ 0x0
   225                           
   226  0070                     ??_I2C_Master_Write:	
   227                           ; 1 bytes @ 0x0
   228                           
   229  0070                     ?_I2C_Master_Read:	
   230                           ; 1 bytes @ 0x0
   231                           
   232  0070                     ?_init:	
   233                           ; 1 bytes @ 0x0
   234                           
   235  0070                     ?_main:	
   236                           ; 1 bytes @ 0x0
   237                           
   238  0070                     ?___lldiv:	
   239                           ; 1 bytes @ 0x0
   240                           
   241  0070                     I2C_Master_Write@d:	
   242                           ; 4 bytes @ 0x0
   243                           
   244  0070                     I2C_Master_Read@a:	
   245                           ; 1 bytes @ 0x0
   246                           
   247  0070                     ___lldiv@divisor:	
   248                           ; 2 bytes @ 0x0
   249                           
   250                           
   251                           ; 4 bytes @ 0x0
   252  0070                     	ds	2
   253  0072                     ??_I2C_Master_Read:
   254                           
   255                           ; 1 bytes @ 0x2
   256  0072                     	ds	1
   257  0073                     I2C_Master_Read@temp:
   258                           
   259                           ; 1 bytes @ 0x3
   260  0073                     	ds	1
   261  0074                     ___lldiv@dividend:
   262                           
   263                           ; 4 bytes @ 0x4
   264  0074                     	ds	4
   265  0078                     ??___lldiv:
   266                           
   267                           ; 1 bytes @ 0x8
   268  0078                     	ds	1
   269  0079                     ___lldiv@quotient:
   270                           
   271                           ; 4 bytes @ 0x9
   272  0079                     	ds	4
   273  007D                     ___lldiv@counter:
   274                           
   275                           ; 1 bytes @ 0xD
   276  007D                     	ds	1
   277  007E                     ??_init:
   278                           
   279                           	psect	cstackBANK0
   280  0020                     __pcstackBANK0:	
   281                           ; 1 bytes @ 0xE
   282                           
   283  0020                     ?_I2C_Master_Init:
   284  0020                     I2C_Master_Init@c:	
   285                           ; 1 bytes @ 0x0
   286                           
   287                           
   288                           ; 4 bytes @ 0x0
   289  0020                     	ds	4
   290  0024                     ??_I2C_Master_Init:
   291                           
   292                           ; 1 bytes @ 0x4
   293  0024                     	ds	4
   294  0028                     ??_main:
   295                           
   296                           ; 1 bytes @ 0x8
   297  0028                     	ds	3
   298                           
   299                           	psect	maintext
   300  073C                     __pmaintext:	
   301 ;;
   302 ;;Main: autosize = 0, tempsize = 3, incstack = 0, save=0
   303 ;;
   304 ;; *************** function _main *****************
   305 ;; Defined at:
   306 ;;		line 109 in file "main.c"
   307 ;; Parameters:    Size  Location     Type
   308 ;;		None
   309 ;; Auto vars:     Size  Location     Type
   310 ;;		None
   311 ;; Return value:  Size  Location     Type
   312 ;;                  1    wreg      void 
   313 ;; Registers used:
   314 ;;		wreg, status,2, status,0, pclath, cstack
   315 ;; Tracked objects:
   316 ;;		On entry : B00/0
   317 ;;		On exit  : 0/0
   318 ;;		Unchanged: 0/0
   319 ;; Data sizes:     COMMON   BANK0   BANK1   BANK3   BANK2
   320 ;;      Params:         0       0       0       0       0
   321 ;;      Locals:         0       0       0       0       0
   322 ;;      Temps:          0       3       0       0       0
   323 ;;      Totals:         0       3       0       0       0
   324 ;;Total ram usage:        3 bytes
   325 ;; Hardware stack levels required when called: 3
   326 ;; This function calls:
   327 ;;		_I2C_Master_Read
   328 ;;		_I2C_Master_Start
   329 ;;		_I2C_Master_Stop
   330 ;;		_I2C_Master_Write
   331 ;;		_init
   332 ;; This function is called by:
   333 ;;		Startup code after reset
   334 ;; This function uses a non-reentrant model
   335 ;;
   336                           
   337                           
   338                           ;psect for function _main
   339  073C                     _main:
   340  073C                     l837:	
   341                           ;incstack = 0
   342                           ; Regs used in _main: [wreg+status,2+status,0+pclath+cstack]
   343                           
   344                           
   345                           ;main.c: 112:     INTCONbits.GIE = 0;
   346  073C  138B               	bcf	11,7	;volatile
   347  073D                     l839:
   348                           
   349                           ;main.c: 115:     init();
   350  073D  120A  118A  26DC  120A  118A  	fcall	_init
   351  0742                     l841:
   352                           
   353                           ;main.c: 118:     INTCONbits.GIE = 1;
   354  0742  178B               	bsf	11,7	;volatile
   355  0743                     l72:	
   356                           ;main.c: 120:     while(1)
   357                           
   358                           
   359                           ;main.c: 121:     {;main.c: 122:         I2C_Master_Start();
   360  0743  120A  118A  268B  120A  118A  	fcall	_I2C_Master_Start
   361                           
   362                           ;main.c: 123:         I2C_Master_Write(0x30);
   363  0748  3030               	movlw	48
   364  0749  120A  118A  269D  120A  118A  	fcall	_I2C_Master_Write
   365                           
   366                           ;main.c: 124:         I2C_Master_Write(PORTB);
   367  074E  1283               	bcf	3,5	;RP0=0, select bank0
   368  074F  1303               	bcf	3,6	;RP1=0, select bank0
   369  0750  0806               	movf	6,w	;volatile
   370  0751  120A  118A  269D  120A  118A  	fcall	_I2C_Master_Write
   371                           
   372                           ;main.c: 125:         I2C_Master_Stop();
   373  0756  120A  118A  2694  120A  118A  	fcall	_I2C_Master_Stop
   374  075B                     l843:
   375                           
   376                           ;main.c: 126:         _delay((unsigned long)((200)*(20000000/4000.0)));
   377  075B  3006               	movlw	6
   378  075C  1283               	bcf	3,5	;RP0=0, select bank0
   379  075D  1303               	bcf	3,6	;RP1=0, select bank0
   380  075E  00AA               	movwf	??_main+2
   381  075F  3013               	movlw	19
   382  0760  00A9               	movwf	??_main+1
   383  0761  30AD               	movlw	173
   384  0762  00A8               	movwf	??_main
   385  0763                     u237:
   386  0763  0BA8               	decfsz	??_main,f
   387  0764  2F63               	goto	u237
   388  0765  0BA9               	decfsz	??_main+1,f
   389  0766  2F63               	goto	u237
   390  0767  0BAA               	decfsz	??_main+2,f
   391  0768  2F63               	goto	u237
   392  0769                     l845:
   393                           
   394                           ;main.c: 128:         I2C_Master_Start();
   395  0769  120A  118A  268B  120A  118A  	fcall	_I2C_Master_Start
   396  076E                     l847:
   397                           
   398                           ;main.c: 129:         I2C_Master_Write(0x31);
   399  076E  3031               	movlw	49
   400  076F  120A  118A  269D  120A  118A  	fcall	_I2C_Master_Write
   401  0774                     l849:
   402                           
   403                           ;main.c: 130:         PORTD = I2C_Master_Read(0);
   404  0774  3000               	movlw	0
   405  0775  00F0               	movwf	I2C_Master_Read@a
   406  0776  00F1               	movwf	I2C_Master_Read@a+1
   407  0777  120A  118A  26B5  120A  118A  	fcall	_I2C_Master_Read
   408  077C  1283               	bcf	3,5	;RP0=0, select bank0
   409  077D  1303               	bcf	3,6	;RP1=0, select bank0
   410  077E  0088               	movwf	8	;volatile
   411  077F                     l851:
   412                           
   413                           ;main.c: 131:         I2C_Master_Stop();
   414  077F  120A  118A  2694  120A  118A  	fcall	_I2C_Master_Stop
   415  0784                     l853:
   416                           
   417                           ;main.c: 132:         _delay((unsigned long)((200)*(20000000/4000.0)));
   418  0784  3006               	movlw	6
   419  0785  1283               	bcf	3,5	;RP0=0, select bank0
   420  0786  1303               	bcf	3,6	;RP1=0, select bank0
   421  0787  00AA               	movwf	??_main+2
   422  0788  3013               	movlw	19
   423  0789  00A9               	movwf	??_main+1
   424  078A  30AD               	movlw	173
   425  078B  00A8               	movwf	??_main
   426  078C                     u247:
   427  078C  0BA8               	decfsz	??_main,f
   428  078D  2F8C               	goto	u247
   429  078E  0BA9               	decfsz	??_main+1,f
   430  078F  2F8C               	goto	u247
   431  0790  0BAA               	decfsz	??_main+2,f
   432  0791  2F8C               	goto	u247
   433  0792  2F43               	goto	l72
   434  0793  120A  118A  2800   	ljmp	start
   435  0796                     __end_of_main:
   436                           
   437                           	psect	text1
   438  06DC                     __ptext1:	
   439 ;; *************** function _init *****************
   440 ;; Defined at:
   441 ;;		line 75 in file "main.c"
   442 ;; Parameters:    Size  Location     Type
   443 ;;		None
   444 ;; Auto vars:     Size  Location     Type
   445 ;;		None
   446 ;; Return value:  Size  Location     Type
   447 ;;                  1    wreg      void 
   448 ;; Registers used:
   449 ;;		wreg, status,2, status,0, pclath, cstack
   450 ;; Tracked objects:
   451 ;;		On entry : 0/0
   452 ;;		On exit  : 0/0
   453 ;;		Unchanged: 0/0
   454 ;; Data sizes:     COMMON   BANK0   BANK1   BANK3   BANK2
   455 ;;      Params:         0       0       0       0       0
   456 ;;      Locals:         0       0       0       0       0
   457 ;;      Temps:          0       0       0       0       0
   458 ;;      Totals:         0       0       0       0       0
   459 ;;Total ram usage:        0 bytes
   460 ;; Hardware stack levels used: 1
   461 ;; Hardware stack levels required when called: 2
   462 ;; This function calls:
   463 ;;		_I2C_Master_Init
   464 ;; This function is called by:
   465 ;;		_main
   466 ;; This function uses a non-reentrant model
   467 ;;
   468                           
   469                           
   470                           ;psect for function _init
   471  06DC                     _init:
   472  06DC                     l823:	
   473                           ;incstack = 0
   474                           ; Regs used in _init: [wreg+status,2+status,0+pclath+cstack]
   475                           
   476  06DC  1283               	bcf	3,5	;RP0=0, select bank0
   477  06DD  1303               	bcf	3,6	;RP1=0, select bank0
   478  06DE  0185               	clrf	5	;volatile
   479  06DF  0186               	clrf	6	;volatile
   480  06E0  0187               	clrf	7	;volatile
   481  06E1  1683               	bsf	3,5	;RP0=1, select bank1
   482  06E2  1303               	bcf	3,6	;RP1=0, select bank1
   483  06E3  0188               	clrf	8	;volatile
   484  06E4  1283               	bcf	3,5	;RP0=0, select bank0
   485  06E5  1303               	bcf	3,6	;RP1=0, select bank0
   486  06E6  0189               	clrf	9	;volatile
   487  06E7  1683               	bsf	3,5	;RP0=1, select bank1
   488  06E8  1303               	bcf	3,6	;RP1=0, select bank1
   489  06E9  0185               	clrf	5	;volatile
   490  06EA                     l825:
   491  06EA  30FF               	movlw	255
   492  06EB  0086               	movwf	6	;volatile
   493  06EC                     l827:
   494  06EC  0187               	clrf	7	;volatile
   495  06ED                     l829:
   496  06ED  1283               	bcf	3,5	;RP0=0, select bank0
   497  06EE  1303               	bcf	3,6	;RP1=0, select bank0
   498  06EF  0188               	clrf	8	;volatile
   499  06F0                     l831:
   500  06F0  1683               	bsf	3,5	;RP0=1, select bank1
   501  06F1  1303               	bcf	3,6	;RP1=0, select bank1
   502  06F2  0189               	clrf	9	;volatile
   503  06F3                     l833:
   504  06F3  0181               	clrf	1	;volatile
   505  06F4                     l835:
   506                           
   507                           ;main.c: 106:     I2C_Master_Init(100000);
   508  06F4  3000               	movlw	0
   509  06F5  1283               	bcf	3,5	;RP0=0, select bank0
   510  06F6  1303               	bcf	3,6	;RP1=0, select bank0
   511  06F7  00A3               	movwf	I2C_Master_Init@c+3
   512  06F8  3001               	movlw	1
   513  06F9  00A2               	movwf	I2C_Master_Init@c+2
   514  06FA  3086               	movlw	134
   515  06FB  00A1               	movwf	I2C_Master_Init@c+1
   516  06FC  30A0               	movlw	160
   517  06FD  00A0               	movwf	I2C_Master_Init@c
   518  06FE  120A  118A  2704  120A  118A  	fcall	_I2C_Master_Init
   519  0703                     l67:
   520  0703  0008               	return
   521  0704                     __end_of_init:
   522                           
   523                           	psect	text2
   524  0704                     __ptext2:	
   525 ;; *************** function _I2C_Master_Init *****************
   526 ;; Defined at:
   527 ;;		line 23 in file "main.c"
   528 ;; Parameters:    Size  Location     Type
   529 ;;  c               4    0[BANK0 ] const unsigned long 
   530 ;; Auto vars:     Size  Location     Type
   531 ;;		None
   532 ;; Return value:  Size  Location     Type
   533 ;;                  1    wreg      void 
   534 ;; Registers used:
   535 ;;		wreg, status,2, status,0, pclath, cstack
   536 ;; Tracked objects:
   537 ;;		On entry : 0/0
   538 ;;		On exit  : 0/0
   539 ;;		Unchanged: 0/0
   540 ;; Data sizes:     COMMON   BANK0   BANK1   BANK3   BANK2
   541 ;;      Params:         0       4       0       0       0
   542 ;;      Locals:         0       0       0       0       0
   543 ;;      Temps:          0       4       0       0       0
   544 ;;      Totals:         0       8       0       0       0
   545 ;;Total ram usage:        8 bytes
   546 ;; Hardware stack levels used: 1
   547 ;; Hardware stack levels required when called: 1
   548 ;; This function calls:
   549 ;;		___lldiv
   550 ;; This function is called by:
   551 ;;		_init
   552 ;; This function uses a non-reentrant model
   553 ;;
   554                           
   555                           
   556                           ;psect for function _I2C_Master_Init
   557  0704                     _I2C_Master_Init:
   558  0704                     l795:	
   559                           ;incstack = 0
   560                           ; Regs used in _I2C_Master_Init: [wreg+status,2+status,0+pclath+cstack]
   561                           
   562                           
   563                           ;main.c: 23:     I2C_Master_Wait();;main.c: 24:     SSPCON2bits.RSEN = 1;;main.c: 25: }
   564  0704  1283               	bcf	3,5	;RP0=0, select bank0
   565  0705  1303               	bcf	3,6	;RP1=0, select bank0
   566  0706  0820               	movf	I2C_Master_Init@c,w
   567  0707  00A4               	movwf	??_I2C_Master_Init
   568  0708  0821               	movf	I2C_Master_Init@c+1,w
   569  0709  00A5               	movwf	??_I2C_Master_Init+1
   570  070A  0822               	movf	I2C_Master_Init@c+2,w
   571  070B  00A6               	movwf	??_I2C_Master_Init+2
   572  070C  0823               	movf	I2C_Master_Init@c+3,w
   573  070D  00A7               	movwf	??_I2C_Master_Init+3
   574  070E  3002               	movlw	2
   575  070F                     u205:
   576  070F  1003               	clrc
   577  0710  0DA4               	rlf	??_I2C_Master_Init,f
   578  0711  0DA5               	rlf	??_I2C_Master_Init+1,f
   579  0712  0DA6               	rlf	??_I2C_Master_Init+2,f
   580  0713  0DA7               	rlf	??_I2C_Master_Init+3,f
   581  0714                     u200:
   582  0714  3EFF               	addlw	-1
   583  0715  1D03               	skipz
   584  0716  2F0F               	goto	u205
   585  0717  0827               	movf	??_I2C_Master_Init+3,w
   586  0718  00F3               	movwf	___lldiv@divisor+3
   587  0719  0826               	movf	??_I2C_Master_Init+2,w
   588  071A  00F2               	movwf	___lldiv@divisor+2
   589  071B  0825               	movf	??_I2C_Master_Init+1,w
   590  071C  00F1               	movwf	___lldiv@divisor+1
   591  071D  0824               	movf	??_I2C_Master_Init,w
   592  071E  00F0               	movwf	___lldiv@divisor
   593  071F  3001               	movlw	1
   594  0720  00F7               	movwf	___lldiv@dividend+3
   595  0721  3031               	movlw	49
   596  0722  00F6               	movwf	___lldiv@dividend+2
   597  0723  302D               	movlw	45
   598  0724  00F5               	movwf	___lldiv@dividend+1
   599  0725  3000               	movlw	0
   600  0726  00F4               	movwf	___lldiv@dividend
   601  0727  120A  118A  2796  120A  118A  	fcall	___lldiv
   602  072C  0870               	movf	?___lldiv,w
   603  072D  3EFF               	addlw	255
   604  072E  1683               	bsf	3,5	;RP0=1, select bank1
   605  072F  1303               	bcf	3,6	;RP1=0, select bank1
   606  0730  0093               	movwf	19	;volatile
   607  0731                     l797:
   608                           
   609                           ;main.c: 26: 
   610  0731  3028               	movlw	40
   611  0732  1283               	bcf	3,5	;RP0=0, select bank0
   612  0733  1303               	bcf	3,6	;RP1=0, select bank0
   613  0734  0094               	movwf	20	;volatile
   614  0735                     l799:
   615                           
   616                           ;main.c: 27: void I2C_Master_Stop()
   617  0735  1683               	bsf	3,5	;RP0=1, select bank1
   618  0736  1303               	bcf	3,6	;RP1=0, select bank1
   619  0737  0191               	clrf	17	;volatile
   620  0738                     l801:
   621                           
   622                           ;main.c: 28: {
   623  0738  0194               	clrf	20	;volatile
   624  0739                     l803:
   625                           
   626                           ;main.c: 29:     I2C_Master_Wait();
   627  0739  1587               	bsf	7,3	;volatile
   628  073A                     l805:
   629                           
   630                           ;main.c: 30:     SSPCON2bits.PEN = 1;
   631  073A  1607               	bsf	7,4	;volatile
   632  073B                     l43:
   633  073B  0008               	return
   634  073C                     __end_of_I2C_Master_Init:
   635                           
   636                           	psect	text3
   637  0796                     __ptext3:	
   638 ;; *************** function ___lldiv *****************
   639 ;; Defined at:
   640 ;;		line 5 in file "C:\Program Files\Microchip\xc8\v2.32\pic\sources\c90\common\__lldiv.c"
   641 ;; Parameters:    Size  Location     Type
   642 ;;  divisor         4    0[COMMON] unsigned long 
   643 ;;  dividend        4    4[COMMON] unsigned long 
   644 ;; Auto vars:     Size  Location     Type
   645 ;;  quotient        4    9[COMMON] unsigned long 
   646 ;;  counter         1   13[COMMON] unsigned char 
   647 ;; Return value:  Size  Location     Type
   648 ;;                  4    0[COMMON] unsigned long 
   649 ;; Registers used:
   650 ;;		wreg, status,2, status,0
   651 ;; Tracked objects:
   652 ;;		On entry : 0/0
   653 ;;		On exit  : 0/0
   654 ;;		Unchanged: 0/0
   655 ;; Data sizes:     COMMON   BANK0   BANK1   BANK3   BANK2
   656 ;;      Params:         8       0       0       0       0
   657 ;;      Locals:         5       0       0       0       0
   658 ;;      Temps:          1       0       0       0       0
   659 ;;      Totals:        14       0       0       0       0
   660 ;;Total ram usage:       14 bytes
   661 ;; Hardware stack levels used: 1
   662 ;; This function calls:
   663 ;;		Nothing
   664 ;; This function is called by:
   665 ;;		_I2C_Master_Init
   666 ;; This function uses a non-reentrant model
   667 ;;
   668                           
   669                           
   670                           ;psect for function ___lldiv
   671  0796                     ___lldiv:
   672  0796                     l771:	
   673                           ;incstack = 0
   674                           ; Regs used in ___lldiv: [wreg+status,2+status,0]
   675                           
   676  0796  3000               	movlw	0
   677  0797  00FC               	movwf	___lldiv@quotient+3
   678  0798  3000               	movlw	0
   679  0799  00FB               	movwf	___lldiv@quotient+2
   680  079A  3000               	movlw	0
   681  079B  00FA               	movwf	___lldiv@quotient+1
   682  079C  3000               	movlw	0
   683  079D  00F9               	movwf	___lldiv@quotient
   684  079E  0873               	movf	___lldiv@divisor+3,w
   685  079F  0472               	iorwf	___lldiv@divisor+2,w
   686  07A0  0471               	iorwf	___lldiv@divisor+1,w
   687  07A1  0470               	iorwf	___lldiv@divisor,w
   688  07A2  1903               	skipnz
   689  07A3  2FA5               	goto	u131
   690  07A4  2FA6               	goto	u130
   691  07A5                     u131:
   692  07A5  2FF3               	goto	l791
   693  07A6                     u130:
   694  07A6                     l773:
   695  07A6  01FD               	clrf	___lldiv@counter
   696  07A7  0AFD               	incf	___lldiv@counter,f
   697  07A8  2FB6               	goto	l777
   698  07A9                     l775:
   699  07A9  3001               	movlw	1
   700  07AA  00F8               	movwf	??___lldiv
   701  07AB                     u145:
   702  07AB  1003               	clrc
   703  07AC  0DF0               	rlf	___lldiv@divisor,f
   704  07AD  0DF1               	rlf	___lldiv@divisor+1,f
   705  07AE  0DF2               	rlf	___lldiv@divisor+2,f
   706  07AF  0DF3               	rlf	___lldiv@divisor+3,f
   707  07B0  0BF8               	decfsz	??___lldiv,f
   708  07B1  2FAB               	goto	u145
   709  07B2  3001               	movlw	1
   710  07B3  00F8               	movwf	??___lldiv
   711  07B4  0878               	movf	??___lldiv,w
   712  07B5  07FD               	addwf	___lldiv@counter,f
   713  07B6                     l777:
   714  07B6  1FF3               	btfss	___lldiv@divisor+3,7
   715  07B7  2FB9               	goto	u151
   716  07B8  2FBA               	goto	u150
   717  07B9                     u151:
   718  07B9  2FA9               	goto	l775
   719  07BA                     u150:
   720  07BA                     l779:
   721  07BA  3001               	movlw	1
   722  07BB  00F8               	movwf	??___lldiv
   723  07BC                     u165:
   724  07BC  1003               	clrc
   725  07BD  0DF9               	rlf	___lldiv@quotient,f
   726  07BE  0DFA               	rlf	___lldiv@quotient+1,f
   727  07BF  0DFB               	rlf	___lldiv@quotient+2,f
   728  07C0  0DFC               	rlf	___lldiv@quotient+3,f
   729  07C1  0BF8               	decfsz	??___lldiv,f
   730  07C2  2FBC               	goto	u165
   731  07C3                     l781:
   732  07C3  0873               	movf	___lldiv@divisor+3,w
   733  07C4  0277               	subwf	___lldiv@dividend+3,w
   734  07C5  1D03               	skipz
   735  07C6  2FD1               	goto	u175
   736  07C7  0872               	movf	___lldiv@divisor+2,w
   737  07C8  0276               	subwf	___lldiv@dividend+2,w
   738  07C9  1D03               	skipz
   739  07CA  2FD1               	goto	u175
   740  07CB  0871               	movf	___lldiv@divisor+1,w
   741  07CC  0275               	subwf	___lldiv@dividend+1,w
   742  07CD  1D03               	skipz
   743  07CE  2FD1               	goto	u175
   744  07CF  0870               	movf	___lldiv@divisor,w
   745  07D0  0274               	subwf	___lldiv@dividend,w
   746  07D1                     u175:
   747  07D1  1C03               	skipc
   748  07D2  2FD4               	goto	u171
   749  07D3  2FD5               	goto	u170
   750  07D4                     u171:
   751  07D4  2FE4               	goto	l787
   752  07D5                     u170:
   753  07D5                     l783:
   754  07D5  0870               	movf	___lldiv@divisor,w
   755  07D6  02F4               	subwf	___lldiv@dividend,f
   756  07D7  0871               	movf	___lldiv@divisor+1,w
   757  07D8  1C03               	skipc
   758  07D9  0F71               	incfsz	___lldiv@divisor+1,w
   759  07DA  02F5               	subwf	___lldiv@dividend+1,f
   760  07DB  0872               	movf	___lldiv@divisor+2,w
   761  07DC  1C03               	skipc
   762  07DD  0F72               	incfsz	___lldiv@divisor+2,w
   763  07DE  02F6               	subwf	___lldiv@dividend+2,f
   764  07DF  0873               	movf	___lldiv@divisor+3,w
   765  07E0  1C03               	skipc
   766  07E1  0F73               	incfsz	___lldiv@divisor+3,w
   767  07E2  02F7               	subwf	___lldiv@dividend+3,f
   768  07E3                     l785:
   769  07E3  1479               	bsf	___lldiv@quotient,0
   770  07E4                     l787:
   771  07E4  3001               	movlw	1
   772  07E5                     u185:
   773  07E5  1003               	clrc
   774  07E6  0CF3               	rrf	___lldiv@divisor+3,f
   775  07E7  0CF2               	rrf	___lldiv@divisor+2,f
   776  07E8  0CF1               	rrf	___lldiv@divisor+1,f
   777  07E9  0CF0               	rrf	___lldiv@divisor,f
   778  07EA  3EFF               	addlw	-1
   779  07EB  1D03               	skipz
   780  07EC  2FE5               	goto	u185
   781  07ED                     l789:
   782  07ED  3001               	movlw	1
   783  07EE  02FD               	subwf	___lldiv@counter,f
   784  07EF  1D03               	btfss	3,2
   785  07F0  2FF2               	goto	u191
   786  07F1  2FF3               	goto	u190
   787  07F2                     u191:
   788  07F2  2FBA               	goto	l779
   789  07F3                     u190:
   790  07F3                     l791:
   791  07F3  087C               	movf	___lldiv@quotient+3,w
   792  07F4  00F3               	movwf	?___lldiv+3
   793  07F5  087B               	movf	___lldiv@quotient+2,w
   794  07F6  00F2               	movwf	?___lldiv+2
   795  07F7  087A               	movf	___lldiv@quotient+1,w
   796  07F8  00F1               	movwf	?___lldiv+1
   797  07F9  0879               	movf	___lldiv@quotient,w
   798  07FA  00F0               	movwf	?___lldiv
   799  07FB                     l197:
   800  07FB  0008               	return
   801  07FC                     __end_of___lldiv:
   802                           
   803                           	psect	text4
   804  069D                     __ptext4:	
   805 ;; *************** function _I2C_Master_Write *****************
   806 ;; Defined at:
   807 ;;		line 56 in file "main.c"
   808 ;; Parameters:    Size  Location     Type
   809 ;;  d               1    wreg     unsigned char 
   810 ;; Auto vars:     Size  Location     Type
   811 ;;  d               1    0[COMMON] unsigned char 
   812 ;; Return value:  Size  Location     Type
   813 ;;                  1    wreg      void 
   814 ;; Registers used:
   815 ;;		wreg, status,2, status,0, pclath, cstack
   816 ;; Tracked objects:
   817 ;;		On entry : 0/0
   818 ;;		On exit  : 0/0
   819 ;;		Unchanged: 0/0
   820 ;; Data sizes:     COMMON   BANK0   BANK1   BANK3   BANK2
   821 ;;      Params:         0       0       0       0       0
   822 ;;      Locals:         1       0       0       0       0
   823 ;;      Temps:          0       0       0       0       0
   824 ;;      Totals:         1       0       0       0       0
   825 ;;Total ram usage:        1 bytes
   826 ;; Hardware stack levels used: 1
   827 ;; Hardware stack levels required when called: 1
   828 ;; This function calls:
   829 ;;		_I2C_Master_Wait
   830 ;; This function is called by:
   831 ;;		_main
   832 ;; This function uses a non-reentrant model
   833 ;;
   834                           
   835                           
   836                           ;psect for function _I2C_Master_Write
   837  069D                     _I2C_Master_Write:
   838                           
   839                           ;incstack = 0
   840                           ; Regs used in _I2C_Master_Write: [wreg+status,2+status,0+pclath+cstack]
   841                           ;I2C_Master_Write@d stored from wreg
   842  069D  00F0               	movwf	I2C_Master_Write@d
   843  069E                     l715:
   844                           
   845                           ;main.c: 56:     PORTA = 0b00000000;;main.c: 57:     PORTB = 0b00000000;;main.c: 58:    
      +                           PORTC = 0b00000000;
   846  069E  120A  118A  26A8  120A  118A  	fcall	_I2C_Master_Wait
   847  06A3                     l717:
   848                           
   849                           ;main.c: 59:     TRISD = 0b00000000;
   850  06A3  0870               	movf	I2C_Master_Write@d,w
   851  06A4  1283               	bcf	3,5	;RP0=0, select bank0
   852  06A5  1303               	bcf	3,6	;RP1=0, select bank0
   853  06A6  0093               	movwf	19	;volatile
   854  06A7                     l61:
   855  06A7  0008               	return
   856  06A8                     __end_of_I2C_Master_Write:
   857                           
   858                           	psect	text5
   859  0694                     __ptext5:	
   860 ;; *************** function _I2C_Master_Stop *****************
   861 ;; Defined at:
   862 ;;		line 50 in file "main.c"
   863 ;; Parameters:    Size  Location     Type
   864 ;;		None
   865 ;; Auto vars:     Size  Location     Type
   866 ;;		None
   867 ;; Return value:  Size  Location     Type
   868 ;;                  1    wreg      void 
   869 ;; Registers used:
   870 ;;		wreg, status,2, status,0, pclath, cstack
   871 ;; Tracked objects:
   872 ;;		On entry : 0/0
   873 ;;		On exit  : 0/0
   874 ;;		Unchanged: 0/0
   875 ;; Data sizes:     COMMON   BANK0   BANK1   BANK3   BANK2
   876 ;;      Params:         0       0       0       0       0
   877 ;;      Locals:         0       0       0       0       0
   878 ;;      Temps:          0       0       0       0       0
   879 ;;      Totals:         0       0       0       0       0
   880 ;;Total ram usage:        0 bytes
   881 ;; Hardware stack levels used: 1
   882 ;; Hardware stack levels required when called: 1
   883 ;; This function calls:
   884 ;;		_I2C_Master_Wait
   885 ;; This function is called by:
   886 ;;		_main
   887 ;; This function uses a non-reentrant model
   888 ;;
   889                           
   890                           
   891                           ;psect for function _I2C_Master_Stop
   892  0694                     _I2C_Master_Stop:
   893  0694                     l711:	
   894                           ;incstack = 0
   895                           ; Regs used in _I2C_Master_Stop: [wreg+status,2+status,0+pclath+cstack]
   896                           
   897                           
   898                           ;main.c: 52: void init()
   899  0694  120A  118A  26A8  120A  118A  	fcall	_I2C_Master_Wait
   900  0699                     l713:
   901                           
   902                           ;main.c: 53: {
   903  0699  1683               	bsf	3,5	;RP0=1, select bank1
   904  069A  1303               	bcf	3,6	;RP1=0, select bank1
   905  069B  1511               	bsf	17,2	;volatile
   906  069C                     l58:
   907  069C  0008               	return
   908  069D                     __end_of_I2C_Master_Stop:
   909                           
   910                           	psect	text6
   911  068B                     __ptext6:	
   912 ;; *************** function _I2C_Master_Start *****************
   913 ;; Defined at:
   914 ;;		line 38 in file "main.c"
   915 ;; Parameters:    Size  Location     Type
   916 ;;		None
   917 ;; Auto vars:     Size  Location     Type
   918 ;;		None
   919 ;; Return value:  Size  Location     Type
   920 ;;                  1    wreg      void 
   921 ;; Registers used:
   922 ;;		wreg, status,2, status,0, pclath, cstack
   923 ;; Tracked objects:
   924 ;;		On entry : 0/0
   925 ;;		On exit  : 0/0
   926 ;;		Unchanged: 0/0
   927 ;; Data sizes:     COMMON   BANK0   BANK1   BANK3   BANK2
   928 ;;      Params:         0       0       0       0       0
   929 ;;      Locals:         0       0       0       0       0
   930 ;;      Temps:          0       0       0       0       0
   931 ;;      Totals:         0       0       0       0       0
   932 ;;Total ram usage:        0 bytes
   933 ;; Hardware stack levels used: 1
   934 ;; Hardware stack levels required when called: 1
   935 ;; This function calls:
   936 ;;		_I2C_Master_Wait
   937 ;; This function is called by:
   938 ;;		_main
   939 ;; This function uses a non-reentrant model
   940 ;;
   941                           
   942                           
   943                           ;psect for function _I2C_Master_Start
   944  068B                     _I2C_Master_Start:
   945  068B                     l707:	
   946                           ;incstack = 0
   947                           ; Regs used in _I2C_Master_Start: [wreg+status,2+status,0+pclath+cstack]
   948                           
   949                           
   950                           ;main.c: 40: {
   951  068B  120A  118A  26A8  120A  118A  	fcall	_I2C_Master_Wait
   952  0690                     l709:
   953                           
   954                           ;main.c: 41:     unsigned char temp;
   955  0690  1683               	bsf	3,5	;RP0=1, select bank1
   956  0691  1303               	bcf	3,6	;RP1=0, select bank1
   957  0692  1411               	bsf	17,0	;volatile
   958  0693                     l52:
   959  0693  0008               	return
   960  0694                     __end_of_I2C_Master_Start:
   961                           
   962                           	psect	text7
   963  06B5                     __ptext7:	
   964 ;; *************** function _I2C_Master_Read *****************
   965 ;; Defined at:
   966 ;;		line 62 in file "main.c"
   967 ;; Parameters:    Size  Location     Type
   968 ;;  a               2    0[COMMON] unsigned short 
   969 ;; Auto vars:     Size  Location     Type
   970 ;;  temp            1    3[COMMON] unsigned char 
   971 ;; Return value:  Size  Location     Type
   972 ;;                  1    wreg      unsigned char 
   973 ;; Registers used:
   974 ;;		wreg, status,2, status,0, pclath, cstack
   975 ;; Tracked objects:
   976 ;;		On entry : 0/0
   977 ;;		On exit  : 0/0
   978 ;;		Unchanged: 0/0
   979 ;; Data sizes:     COMMON   BANK0   BANK1   BANK3   BANK2
   980 ;;      Params:         2       0       0       0       0
   981 ;;      Locals:         1       0       0       0       0
   982 ;;      Temps:          1       0       0       0       0
   983 ;;      Totals:         4       0       0       0       0
   984 ;;Total ram usage:        4 bytes
   985 ;; Hardware stack levels used: 1
   986 ;; Hardware stack levels required when called: 1
   987 ;; This function calls:
   988 ;;		_I2C_Master_Wait
   989 ;; This function is called by:
   990 ;;		_main
   991 ;; This function uses a non-reentrant model
   992 ;;
   993                           
   994                           
   995                           ;psect for function _I2C_Master_Read
   996  06B5                     _I2C_Master_Read:
   997  06B5                     l807:	
   998                           ;incstack = 0
   999                           ; Regs used in _I2C_Master_Read: [wreg+status,2+status,0+pclath+cstack]
  1000                           
  1001                           
  1002                           ;main.c: 62:     TRISA = 0b00000000;;main.c: 63:     TRISB = 0b11111111;;main.c: 64:    
      +                           TRISC = 0b00000000;;main.c: 65:     PORTD = 0b00000000;
  1003  06B5  120A  118A  26A8  120A  118A  	fcall	_I2C_Master_Wait
  1004  06BA                     l809:
  1005                           
  1006                           ;main.c: 66:     TRISE = 0b00000000;
  1007  06BA  1683               	bsf	3,5	;RP0=1, select bank1
  1008  06BB  1303               	bcf	3,6	;RP1=0, select bank1
  1009  06BC  1591               	bsf	17,3	;volatile
  1010                           
  1011                           ;main.c: 67: 
  1012  06BD  120A  118A  26A8  120A  118A  	fcall	_I2C_Master_Wait
  1013  06C2                     l811:
  1014                           
  1015                           ;main.c: 68: 
  1016  06C2  1283               	bcf	3,5	;RP0=0, select bank0
  1017  06C3  1303               	bcf	3,6	;RP1=0, select bank0
  1018  06C4  0813               	movf	19,w	;volatile
  1019  06C5  00F2               	movwf	??_I2C_Master_Read
  1020  06C6  0872               	movf	??_I2C_Master_Read,w
  1021  06C7  00F3               	movwf	I2C_Master_Read@temp
  1022  06C8                     l813:
  1023                           
  1024                           ;main.c: 69: 
  1025  06C8  120A  118A  26A8  120A  118A  	fcall	_I2C_Master_Wait
  1026  06CD                     l815:
  1027                           
  1028                           ;main.c: 70:     OPTION_REG = 0b00000000;
  1029  06CD  0870               	movf	I2C_Master_Read@a,w
  1030  06CE  0471               	iorwf	I2C_Master_Read@a+1,w
  1031  06CF  1903               	btfsc	3,2
  1032  06D0  2ED2               	goto	u211
  1033  06D1  2ED6               	goto	u210
  1034  06D2                     u211:
  1035  06D2  1683               	bsf	3,5	;RP0=1, select bank1
  1036  06D3  1303               	bcf	3,6	;RP1=0, select bank1
  1037  06D4  1691               	bsf	17,5	;volatile
  1038  06D5  2ED9               	goto	u224
  1039  06D6                     u210:
  1040  06D6  1683               	bsf	3,5	;RP0=1, select bank1
  1041  06D7  1303               	bcf	3,6	;RP1=0, select bank1
  1042  06D8  1291               	bcf	17,5	;volatile
  1043  06D9                     u224:
  1044  06D9                     l817:
  1045  06D9  1611               	bsf	17,4	;volatile
  1046  06DA                     l819:
  1047  06DA  0873               	movf	I2C_Master_Read@temp,w
  1048  06DB                     l64:
  1049  06DB  0008               	return
  1050  06DC                     __end_of_I2C_Master_Read:
  1051                           
  1052                           	psect	text8
  1053  06A8                     __ptext8:	
  1054 ;; *************** function _I2C_Master_Wait *****************
  1055 ;; Defined at:
  1056 ;;		line 33 in file "main.c"
  1057 ;; Parameters:    Size  Location     Type
  1058 ;;		None
  1059 ;; Auto vars:     Size  Location     Type
  1060 ;;		None
  1061 ;; Return value:  Size  Location     Type
  1062 ;;                  1    wreg      void 
  1063 ;; Registers used:
  1064 ;;		wreg, status,2
  1065 ;; Tracked objects:
  1066 ;;		On entry : 0/0
  1067 ;;		On exit  : 0/0
  1068 ;;		Unchanged: 0/0
  1069 ;; Data sizes:     COMMON   BANK0   BANK1   BANK3   BANK2
  1070 ;;      Params:         0       0       0       0       0
  1071 ;;      Locals:         0       0       0       0       0
  1072 ;;      Temps:          0       0       0       0       0
  1073 ;;      Totals:         0       0       0       0       0
  1074 ;;Total ram usage:        0 bytes
  1075 ;; Hardware stack levels used: 1
  1076 ;; This function calls:
  1077 ;;		Nothing
  1078 ;; This function is called by:
  1079 ;;		_I2C_Master_Start
  1080 ;;		_I2C_Master_Stop
  1081 ;;		_I2C_Master_Write
  1082 ;;		_I2C_Master_Read
  1083 ;;		_I2C_Master_RepeatedStart
  1084 ;; This function uses a non-reentrant model
  1085 ;;
  1086                           
  1087                           
  1088                           ;psect for function _I2C_Master_Wait
  1089  06A8                     _I2C_Master_Wait:
  1090  06A8                     l703:	
  1091                           ;incstack = 0
  1092                           ; Regs used in _I2C_Master_Wait: [wreg+status,2]
  1093                           
  1094  06A8                     l46:	
  1095                           ;main.c: 35:     I2C_Master_Wait();
  1096                           
  1097  06A8  1683               	bsf	3,5	;RP0=1, select bank1
  1098  06A9  1303               	bcf	3,6	;RP1=0, select bank1
  1099  06AA  1914               	btfsc	20,2	;volatile
  1100  06AB  2EAD               	goto	u91
  1101  06AC  2EAE               	goto	u90
  1102  06AD                     u91:
  1103  06AD  2EA8               	goto	l46
  1104  06AE                     u90:
  1105  06AE                     l705:
  1106  06AE  0811               	movf	17,w	;volatile
  1107  06AF  391F               	andlw	31
  1108  06B0  1D03               	btfss	3,2
  1109  06B1  2EB3               	goto	u101
  1110  06B2  2EB4               	goto	u100
  1111  06B3                     u101:
  1112  06B3  2EA8               	goto	l46
  1113  06B4                     u100:
  1114  06B4                     l49:
  1115  06B4  0008               	return
  1116  06B5                     __end_of_I2C_Master_Wait:
  1117  007E                     btemp	set	126	;btemp
  1118  007E                     wtemp0	set	126
  1119                           
  1120                           	psect	config
  1121                           
  1122                           ;Config register CONFIG @ 0x2007
  1123                           ;	Oscillator Selection bits
  1124                           ;	FOSC = XT, XT oscillator
  1125                           ;	Watchdog Timer Enable bit
  1126                           ;	WDTE = OFF, WDT disabled
  1127                           ;	Power-up Timer Enable bit
  1128                           ;	PWRTE = ON, PWRT enabled
  1129                           ;	Brown-out Reset Enable bit
  1130                           ;	BOREN = ON, BOR enabled
  1131                           ;	Low-Voltage (Single-Supply) In-Circuit Serial Programming Enable bit
  1132                           ;	LVP = OFF, RB3 is digital I/O, HV on MCLR must be used for programming
  1133                           ;	Data EEPROM Memory Code Protection bit
  1134                           ;	CPD = OFF, Data EEPROM code protection off
  1135                           ;	Flash Program Memory Write Enable bits
  1136                           ;	WRT = OFF, Write protection off; all program memory may be written to by EECON control
  1137                           ;	In-Circuit Debugger Mode bit
  1138                           ;	DEBUG = 0x1, unprogrammed default
  1139                           ;	Flash Program Memory Code Protection bit
  1140                           ;	CP = OFF, Code protection off
  1141  2007                     	org	8199
  1142  2007  3F71               	dw	16241

Data Sizes:
    Strings     0
    Constant    0
    Data        0
    BSS         0
    Persistent  0
    Stack       0

Auto Spaces:
    Space          Size  Autos    Used
    COMMON           14     14      14
    BANK0            80     11      11
    BANK1            80      0       0
    BANK3            96      0       0
    BANK2            96      0       0

Pointer List with Targets:

    None.

Critical Paths under _main in COMMON

    _I2C_Master_Init->___lldiv

Critical Paths under _main in BANK0

    _init->_I2C_Master_Init

Critical Paths under _main in BANK1

    None.

Critical Paths under _main in BANK3

    None.

Critical Paths under _main in BANK2

    None.

Call Graph Tables:

 ---------------------------------------------------------------------------------
 (Depth) Function   	        Calls       Base Space   Used Autos Params    Refs
 ---------------------------------------------------------------------------------
 (0) _main                                                 3     3      0     548
                                              8 BANK0      3     3      0
                    _I2C_Master_Read
                   _I2C_Master_Start
                    _I2C_Master_Stop
                   _I2C_Master_Write
                               _init
 ---------------------------------------------------------------------------------
 (1) _init                                                 0     0      0     412
                    _I2C_Master_Init
 ---------------------------------------------------------------------------------
 (2) _I2C_Master_Init                                      8     4      4     412
                                              0 BANK0      8     4      4
                            ___lldiv
 ---------------------------------------------------------------------------------
 (3) ___lldiv                                             14     6      8     314
                                              0 COMMON    14     6      8
 ---------------------------------------------------------------------------------
 (1) _I2C_Master_Write                                     1     1      0      15
                                              0 COMMON     1     1      0
                    _I2C_Master_Wait
 ---------------------------------------------------------------------------------
 (1) _I2C_Master_Stop                                      0     0      0       0
                    _I2C_Master_Wait
 ---------------------------------------------------------------------------------
 (1) _I2C_Master_Start                                     0     0      0       0
                    _I2C_Master_Wait
 ---------------------------------------------------------------------------------
 (1) _I2C_Master_Read                                      4     2      2     121
                                              0 COMMON     4     2      2
                    _I2C_Master_Wait
 ---------------------------------------------------------------------------------
 (2) _I2C_Master_Wait                                      0     0      0       0
 ---------------------------------------------------------------------------------
 Estimated maximum stack depth 3
 ---------------------------------------------------------------------------------

 Call Graph Graphs:

 _main (ROOT)
   _I2C_Master_Read
     _I2C_Master_Wait
   _I2C_Master_Start
     _I2C_Master_Wait
   _I2C_Master_Stop
     _I2C_Master_Wait
   _I2C_Master_Write
     _I2C_Master_Wait
   _init
     _I2C_Master_Init
       ___lldiv

 Address spaces:
Name               Size   Autos  Total    Cost      Usage
BITCOMMON            E      0       0       0        0.0%
EEDATA             100      0       0       0        0.0%
NULL                 0      0       0       0        0.0%
CODE                 0      0       0       0        0.0%
COMMON               E      E       E       1      100.0%
BITSFR0              0      0       0       1        0.0%
SFR0                 0      0       0       1        0.0%
BITSFR1              0      0       0       2        0.0%
SFR1                 0      0       0       2        0.0%
STACK                0      0       0       2        0.0%
ABS                  0      0       0       3        0.0%
BITBANK0            50      0       0       4        0.0%
BITSFR3              0      0       0       4        0.0%
SFR3                 0      0       0       4        0.0%
BANK0               50      B       B       5       13.8%
BITSFR2              0      0       0       5        0.0%
SFR2                 0      0       0       5        0.0%
BITBANK1            50      0       0       6        0.0%
BANK1               50      0       0       7        0.0%
BITBANK3            60      0       0       8        0.0%
BANK3               60      0       0       9        0.0%
BITBANK2            60      0       0      10        0.0%
BANK2               60      0       0      11        0.0%
DATA                 0      0       0      12        0.0%


Microchip Technology PIC Macro Assembler V2.32 build 20210201212658 
Symbol Table                                                                                   Fri Jan 28 16:00:58 2022

                       l43 073B                         l52 0693                         l61 06A7  
                       l46 06A8                         l64 06DB                         l72 0743  
                       l49 06B4                         l58 069C                         l67 0703  
                       u90 06AE                         u91 06AD                        l197 07FB  
                      l703 06A8                        l711 0694                        l705 06AE  
                      l713 0699                        l801 0738                        l811 06C2  
                      l707 068B                        l715 069E                        l803 0739  
                      l813 06C8                        l709 0690                        l717 06A3  
                      l805 073A                        l815 06CD                        l807 06B5  
                      l831 06F0                        l823 06DC                        l817 06D9  
                      l809 06BA                        l833 06F3                        l825 06EA  
                      l841 0742                        l819 06DA                        l771 0796  
                      l835 06F4                        l827 06EC                        l851 077F  
                      l843 075B                        l781 07C3                        l773 07A6  
                      l829 06ED                        l853 0784                        l845 0769  
                      l837 073C                        l783 07D5                        l775 07A9  
                      l791 07F3                        l847 076E                        l839 073D  
                      l785 07E3                        l777 07B6                        l849 0774  
                      l787 07E4                        l779 07BA                        l795 0704  
                      l789 07ED                        l797 0731                        l799 0735  
                      u100 06B4                        u101 06B3                        u200 0714  
                      u210 06D6                        u130 07A6                        u211 06D2  
                      u131 07A5                        u205 070F                        u150 07BA  
                      u151 07B9                        u224 06D9                        u145 07AB  
                      u170 07D5                        u171 07D4                        u165 07BC  
                      u237 0763                        u190 07F3                        u191 07F2  
                      u175 07D1                        u247 078C                        u185 07E5  
                     _main 073C                       _init 06DC                       btemp 007E  
                     start 0000           ?_I2C_Master_Init 0020           ?_I2C_Master_Read 0070  
         ?_I2C_Master_Wait 0070           ?_I2C_Master_Stop 0070                      ?_main 0070  
                    ?_init 0070            __end_of___lldiv 07FC                      _PORTA 0005  
                    _PORTB 0006                      _PORTC 0007                      _PORTD 0008  
                    _PORTE 0009                      _TRISA 0085                      _TRISB 0086  
                    _TRISC 0087                      _TRISD 0088                      _TRISE 0089  
                    status 0003                      wtemp0 007E            __initialization 07FC  
             __end_of_main 0796               __end_of_init 0704                     ??_main 0028  
                   ??_init 007E          ?_I2C_Master_Start 0070          ?_I2C_Master_Write 0070  
       ??_I2C_Master_Start 0070         ??_I2C_Master_Write 0070                     _SSPADD 0093  
                   _SSPCON 0014                     _SSPBUF 0013                  ??___lldiv 0078  
  __end_of__initialization 07FC             __pcstackCOMMON 0070                 __pmaintext 073C  
                  _SSPCON2 0091                    _SSPSTAT 0094                    ___lldiv 0796  
                  __ptext1 06DC                    __ptext2 0704                    __ptext3 0796  
                  __ptext4 069D                    __ptext5 0694                    __ptext6 068B  
                  __ptext7 06B5                    __ptext8 06A8   __size_of_I2C_Master_Init 0038  
 __size_of_I2C_Master_Read 0027   __size_of_I2C_Master_Wait 000D   __size_of_I2C_Master_Stop 0009  
     end_of_initialization 07FC  __size_of_I2C_Master_Start 0009  __size_of_I2C_Master_Write 000B  
          ___lldiv@divisor 0070            ___lldiv@counter 007D           I2C_Master_Init@c 0020  
         I2C_Master_Read@a 0070                  _TRISCbits 0087        start_initialization 07FC  
        ??_I2C_Master_Init 0024          ??_I2C_Master_Read 0072          ??_I2C_Master_Wait 0070  
        ??_I2C_Master_Stop 0070                  ___latbits 0002              __pcstackBANK0 0020  
         _I2C_Master_Start 068B           _I2C_Master_Write 069D                   ?___lldiv 0070  
      I2C_Master_Read@temp 0073           __size_of___lldiv 0066            _I2C_Master_Init 0704  
          _I2C_Master_Read 06B5            _I2C_Master_Wait 06A8            _I2C_Master_Stop 0694  
            __size_of_main 005A              __size_of_init 0028   __end_of_I2C_Master_Start 0694  
 __end_of_I2C_Master_Write 06A8                 _INTCONbits 000B           ___lldiv@dividend 0074  
  __end_of_I2C_Master_Init 073C    __end_of_I2C_Master_Read 06DC    __end_of_I2C_Master_Wait 06B5  
  __end_of_I2C_Master_Stop 069D                 _OPTION_REG 0081           ___lldiv@quotient 0079  
        I2C_Master_Write@d 0070                _SSPCON2bits 0091  
